2024-04-22 07:45:32.185 [info] Added views:workbench.panel.markers.view in workbench.panel.markers
2024-04-22 07:45:32.185 [info] Added views:workbench.panel.output in workbench.panel.output
2024-04-22 07:45:32.185 [info] Added views:terminal in terminal
2024-04-22 07:45:32.185 [info] Added views:outline in workbench.view.explorer
2024-04-22 07:45:32.185 [info] Added views:workbench.scm in workbench.view.scm
2024-04-22 07:45:32.185 [info] Added views:workbench.view.search in workbench.view.search
2024-04-22 07:45:32.185 [info] Added views:timeline in workbench.view.explorer
2024-04-22 07:45:32.185 [info] Added views:workbench.explorer.emptyView in workbench.view.explorer
2024-04-22 07:45:32.356 [info] Added views:workbench.debug.variablesView,workbench.debug.watchExpressionsView,workbench.debug.callStackView,workbench.debug.breakPointsView in workbench.view.debug
2024-04-22 07:45:32.885 [info] Added views:workbench.panel.repl.view in workbench.panel.repl
2024-04-22 07:45:32.887 [info] Removed views:workbench.debug.breakPointsView,workbench.debug.callStackView,workbench.debug.watchExpressionsView,workbench.debug.variablesView from workbench.view.debug
2024-04-22 07:45:32.888 [info] Added views:workbench.debug.welcome in workbench.view.debug
2024-04-22 07:45:32.953 [info] Added views:~remote.forwardedPorts in ~remote.forwardedPortsContainer
2024-04-22 07:46:07.022 [info] Added views:workbench.panel.markers.view in workbench.panel.markers
2024-04-22 07:46:07.022 [info] Added views:workbench.panel.output in workbench.panel.output
2024-04-22 07:46:07.022 [info] Added views:terminal in terminal
2024-04-22 07:46:07.022 [info] Added views:outline in workbench.view.explorer
2024-04-22 07:46:07.022 [info] Added views:workbench.scm in workbench.view.scm
2024-04-22 07:46:07.022 [info] Added views:workbench.view.search in workbench.view.search
2024-04-22 07:46:07.022 [info] Added views:timeline in workbench.view.explorer
2024-04-22 07:46:07.022 [info] Added views:workbench.explorer.fileView in workbench.view.explorer
2024-04-22 07:46:07.347 [info] Added views:workbench.debug.variablesView,workbench.debug.watchExpressionsView,workbench.debug.callStackView,workbench.debug.breakPointsView in workbench.view.debug
2024-04-22 07:46:07.419 [info] Added views:~remote.forwardedPorts in ~remote.forwardedPortsContainer
2024-04-22 07:46:07.514 [info] Added views:workbench.panel.repl.view in workbench.panel.repl
2024-04-22 07:46:07.516 [info] Removed views:workbench.debug.breakPointsView,workbench.debug.callStackView,workbench.debug.watchExpressionsView,workbench.debug.variablesView from workbench.view.debug
2024-04-22 07:46:07.516 [info] Added views:workbench.debug.welcome in workbench.view.debug
